{
  "RSpec": {
    "coverage": {
      "/Users/sallen/gits/sidekiq_autoscale/lib/sidekiq_autoscale/config/file_loader.rb": [
        null,
        null,
        1,
        1,
        1,
        null,
        1,
        1,
        1,
        1,
        0,
        null,
        0,
        0,
        null,
        0,
        0,
        null,
        null,
        1,
        0,
        null,
        null,
        null,
        null
      ],
      "/Users/sallen/gits/sidekiq_autoscale/lib/sidekiq_autoscale/config/shared_configs.rb": [
        null,
        null,
        1,
        1,
        null,
        1,
        0,
        null,
        null,
        1,
        1,
        null,
        1,
        1,
        1,
        1,
        1,
        1,
        null
      ]
    },
    "timestamp": 1576288613
  }
}
